<?xml version="1.0" encoding="UTF-8"?>
<testng-results ignored="0" total="1" passed="1" failed="0" skipped="0">
  <reporter-output>
  </reporter-output>
  <suite started-at="2023-04-23T19:38:40 IST" name="Default suite" finished-at="2023-04-23T19:40:33 IST" duration-ms="113233">
    <groups>
    </groups>
    <test started-at="2023-04-23T19:38:40 IST" name="Default test" finished-at="2023-04-23T19:40:33 IST" duration-ms="113233">
      <class name="test.VerifyToAddMultipleProductsToCart">
        <test-method is-config="true" signature="configureReports()[pri:0, instance:test.VerifyToAddMultipleProductsToCart@34123d65]" started-at="2023-04-23T19:38:40 IST" name="configureReports" finished-at="2023-04-23T19:38:42 IST" duration-ms="1992" status="PASS">
          <reporter-output>
          </reporter-output>
        </test-method> <!-- configureReports -->
        <test-method is-config="true" signature="launchBrowser()[pri:0, instance:test.VerifyToAddMultipleProductsToCart@34123d65]" started-at="2023-04-23T19:38:42 IST" name="launchBrowser" finished-at="2023-04-23T19:39:46 IST" duration-ms="64559" status="PASS">
          <reporter-output>
          </reporter-output>
        </test-method> <!-- launchBrowser -->
        <test-method signature="AddMultipleProductsToCart()[pri:0, instance:test.VerifyToAddMultipleProductsToCart@34123d65]" started-at="2023-04-23T19:39:46 IST" name="AddMultipleProductsToCart" finished-at="2023-04-23T19:40:33 IST" duration-ms="46357" status="PASS">
          <reporter-output>
          </reporter-output>
        </test-method> <!-- AddMultipleProductsToCart -->
      </class> <!-- test.VerifyToAddMultipleProductsToCart -->
    </test> <!-- Default test -->
  </suite> <!-- Default suite -->
</testng-results>
